<?xml version="1.0" encoding="utf-8"?><testsuites><testsuite errors="0" failures="0" hostname="fenrir.local" name="pytest" skipped="0" tests="95" time="10.909" timestamp="2020-04-21T15:58:31.952794"><testcase classname="tests.unit.test_api_query" file="tests/unit/test_api_query.py" line="10" name="test_query_run" time="0.002"></testcase><testcase classname="tests.unit.test_api_query" file="tests/unit/test_api_query.py" line="26" name="test_can_get_query_connection" time="0.001"></testcase><testcase classname="tests.unit.test_api_query" file="tests/unit/test_api_query.py" line="38" name="test_cannot_replace_query_connection" time="0.001"></testcase><testcase classname="tests.unit.test_api_query" file="tests/unit/test_api_query.py" line="48" name="test_query_status" time="0.001"></testcase><testcase classname="tests.unit.test_api_query" file="tests/unit/test_api_query.py" line="68" name="test_query_status_not_running" time="0.001"></testcase><testcase classname="tests.unit.test_api_query" file="tests/unit/test_api_query.py" line="76" name="test_wait_until_ready" time="1.009"></testcase><testcase classname="tests.unit.test_api_query" file="tests/unit/test_api_query.py" line="103" name="test_wait_until_ready_raises" time="0.002"></testcase><testcase classname="tests.unit.test_api_query" file="tests/unit/test_api_query.py" line="112" name="test_query_get_result_pandas[pandas-get_result_by_query_id]" time="0.004"></testcase><testcase classname="tests.unit.test_api_query" file="tests/unit/test_api_query.py" line="112" name="test_query_get_result_pandas[geojson-get_geojson_result_by_query_id]" time="0.002"></testcase><testcase classname="tests.unit.test_api_query" file="tests/unit/test_api_query.py" line="139" name="test_query_get_result_runs" time="0.002"></testcase><testcase classname="tests.unit.test_api_query" file="tests/unit/test_api_query.py" line="155" name="test_query_get_result_invalid_format" time="0.001"></testcase><testcase classname="tests.unit.test_async_api_query" file="tests/unit/test_async_api_query.py" line="11" name="test_query_run" time="0.007"></testcase><testcase classname="tests.unit.test_async_api_query" file="tests/unit/test_async_api_query.py" line="30" name="test_can_get_query_connection" time="0.001"></testcase><testcase classname="tests.unit.test_async_api_query" file="tests/unit/test_async_api_query.py" line="42" name="test_cannot_replace_query_connection" time="0.001"></testcase><testcase classname="tests.unit.test_async_api_query" file="tests/unit/test_async_api_query.py" line="52" name="test_query_status" time="0.003"></testcase><testcase classname="tests.unit.test_async_api_query" file="tests/unit/test_async_api_query.py" line="81" name="test_query_status_not_running" time="0.002"></testcase><testcase classname="tests.unit.test_async_api_query" file="tests/unit/test_async_api_query.py" line="90" name="test_wait_until_ready" time="1.009"></testcase><testcase classname="tests.unit.test_async_api_query" file="tests/unit/test_async_api_query.py" line="120" name="test_wait_until_ready_raises" time="0.003"></testcase><testcase classname="tests.unit.test_async_api_query" file="tests/unit/test_async_api_query.py" line="130" name="test_query_get_result_pandas[pandas-get_result_by_query_id]" time="0.004"></testcase><testcase classname="tests.unit.test_async_api_query" file="tests/unit/test_async_api_query.py" line="130" name="test_query_get_result_pandas[geojson-get_geojson_result_by_query_id]" time="0.003"></testcase><testcase classname="tests.unit.test_async_api_query" file="tests/unit/test_async_api_query.py" line="160" name="test_query_get_result_runs" time="0.003"></testcase><testcase classname="tests.unit.test_async_api_query" file="tests/unit/test_async_api_query.py" line="181" name="test_query_get_result_invalid_format" time="0.002"></testcase><testcase classname="tests.unit.test_async_client" file="tests/unit/test_async_client.py" line="19" name="test_query_ready_reports_false" time="0.005"></testcase><testcase classname="tests.unit.test_async_client" file="tests/unit/test_async_client.py" line="38" name="test_query_ready_reports_true" time="0.005"></testcase><testcase classname="tests.unit.test_async_client" file="tests/unit/test_async_client.py" line="47" name="test_query_ready_raises" time="0.007"></testcase><testcase classname="tests.unit.test_async_client" file="tests/unit/test_async_client.py" line="56" name="test_get_status_reports_running[queued]" time="0.002"></testcase><testcase classname="tests.unit.test_async_client" file="tests/unit/test_async_client.py" line="56" name="test_get_status_reports_running[executing]" time="0.002"></testcase><testcase classname="tests.unit.test_async_client" file="tests/unit/test_async_client.py" line="76" name="test_get_status_reports_finished" time="0.002"></testcase><testcase classname="tests.unit.test_async_client" file="tests/unit/test_async_client.py" line="85" name="test_get_status_404" time="0.002"></testcase><testcase classname="tests.unit.test_async_client" file="tests/unit/test_async_client.py" line="94" name="test_get_status_raises" time="0.002"></testcase><testcase classname="tests.unit.test_async_client" file="tests/unit/test_async_client.py" line="103" name="test_get_json_dataframe_raises" time="0.002"></testcase><testcase classname="tests.unit.test_async_client" file="tests/unit/test_async_client.py" line="116" name="test_get_geojson_result_by_query_id_raises" time="0.004"></testcase><testcase classname="tests.unit.test_async_client" file="tests/unit/test_async_client.py" line="133" name="test_get_status_raises_without_status" time="0.005"></testcase><testcase classname="tests.unit.test_async_client" file="tests/unit/test_async_client.py" line="149" name="test_get_geography" time="0.003"></testcase><testcase classname="tests.unit.test_async_client" file="tests/unit/test_async_client.py" line="164" name="test_get_geography_error[401]" time="0.004"></testcase><testcase classname="tests.unit.test_async_client" file="tests/unit/test_async_client.py" line="164" name="test_get_geography_error[404]" time="0.004"></testcase><testcase classname="tests.unit.test_async_client" file="tests/unit/test_async_client.py" line="164" name="test_get_geography_error[418]" time="0.005"></testcase><testcase classname="tests.unit.test_async_client" file="tests/unit/test_async_client.py" line="164" name="test_get_geography_error[400]" time="0.004"></testcase><testcase classname="tests.unit.test_async_client" file="tests/unit/test_async_client.py" line="185" name="test_get_geography_no_msg_error" time="0.003"></testcase><testcase classname="tests.unit.test_async_connection" file="tests/unit/test_async_connection.py" line="11" name="test_get_url" time="0.002"></testcase><testcase classname="tests.unit.test_async_connection" file="tests/unit/test_async_connection.py" line="20" name="test_post_json" time="0.002"></testcase><testcase classname="tests.unit.test_async_connection" file="tests/unit/test_async_connection.py" line="29" name="test_make_query_object" time="0.001"></testcase><testcase classname="tests.unit.test_connection" file="tests/unit/test_connection.py" line="11" name="test_update_token" time="0.001"></testcase><testcase classname="tests.unit.test_connection" file="tests/unit/test_connection.py" line="23" name="test_update_token_raises[NOT_A_TOKEN]" time="0.001"></testcase><testcase classname="tests.unit.test_connection" file="tests/unit/test_connection.py" line="23" name="test_update_token_raises[eyJ0eXAiOiJKV1QiLCJhbGciOiJIUzI1NiJ9.e30.DMCAvRgzrcf5w0Z879BsqzcrnDFKBY_GN6c3qKOUFtQ]" time="0.002"></testcase><testcase classname="tests.unit.test_get_available_dates" file="tests/unit/test_get_available_dates.py" line="11" name="test_get_geography_error[401]" time="0.002"></testcase><testcase classname="tests.unit.test_get_available_dates" file="tests/unit/test_get_available_dates.py" line="11" name="test_get_geography_error[500]" time="0.002"></testcase><testcase classname="tests.unit.test_get_geography" file="tests/unit/test_get_geography.py" line="12" name="test_get_geography" time="0.001"></testcase><testcase classname="tests.unit.test_get_geography" file="tests/unit/test_get_geography.py" line="23" name="test_get_geography_error[401]" time="0.001"></testcase><testcase classname="tests.unit.test_get_geography" file="tests/unit/test_get_geography.py" line="23" name="test_get_geography_error[404]" time="0.001"></testcase><testcase classname="tests.unit.test_get_geography" file="tests/unit/test_get_geography.py" line="23" name="test_get_geography_error[418]" time="0.002"></testcase><testcase classname="tests.unit.test_get_geography" file="tests/unit/test_get_geography.py" line="23" name="test_get_geography_error[400]" time="0.002"></testcase><testcase classname="tests.unit.test_get_geography" file="tests/unit/test_get_geography.py" line="38" name="test_get_geography_no_msg_error" time="0.002"></testcase><testcase classname="tests.unit.test_get_status" file="tests/unit/test_get_status.py" line="12" name="test_get_status_reports_running[queued]" time="0.001"></testcase><testcase classname="tests.unit.test_get_status" file="tests/unit/test_get_status.py" line="12" name="test_get_status_reports_running[executing]" time="0.001"></testcase><testcase classname="tests.unit.test_get_status" file="tests/unit/test_get_status.py" line="25" name="test_get_status_reports_finished" time="0.001"></testcase><testcase classname="tests.unit.test_get_status" file="tests/unit/test_get_status.py" line="33" name="test_get_status_404" time="0.001"></testcase><testcase classname="tests.unit.test_get_status" file="tests/unit/test_get_status.py" line="41" name="test_get_status_raises" time="0.001"></testcase><testcase classname="tests.unit.test_get_url" file="tests/unit/test_get_url.py" line="9" name="test_get_url_good_statuses[200]" time="0.003"></testcase><testcase classname="tests.unit.test_get_url" file="tests/unit/test_get_url.py" line="9" name="test_get_url_good_statuses[202]" time="0.002"></testcase><testcase classname="tests.unit.test_get_url" file="tests/unit/test_get_url.py" line="9" name="test_get_url_good_statuses[303]" time="0.002"></testcase><testcase classname="tests.unit.test_get_url" file="tests/unit/test_get_url.py" line="17" name="test_get_url_reraises" time="0.002"></testcase><testcase classname="tests.unit.test_get_url" file="tests/unit/test_get_url.py" line="25" name="test_404_raises_error" time="0.002"></testcase><testcase classname="tests.unit.test_get_url" file="tests/unit/test_get_url.py" line="45" name="test_access_denied_error[401]" time="0.002"></testcase><testcase classname="tests.unit.test_get_url" file="tests/unit/test_get_url.py" line="45" name="test_access_denied_error[403]" time="0.002"></testcase><testcase classname="tests.unit.test_get_url" file="tests/unit/test_get_url.py" line="55" name="test_generic_status_code_error" time="0.003"></testcase><testcase classname="tests.unit.test_get_url" file="tests/unit/test_get_url.py" line="67" name="test_generic_status_code_unknown_error[ValueError]" time="0.002"></testcase><testcase classname="tests.unit.test_get_url" file="tests/unit/test_get_url.py" line="67" name="test_generic_status_code_unknown_error[KeyError]" time="0.002"></testcase><testcase classname="tests.unit.test_login" file="tests/unit/test_login.py" line="14" name="test_https_warning" time="0.002"></testcase><testcase classname="tests.unit.test_login" file="tests/unit/test_login.py" line="24" name="test_no_warning_for_https" time="0.002"></testcase><testcase classname="tests.unit.test_login" file="tests/unit/test_login.py" line="31" name="test_login" time="0.002"></testcase><testcase classname="tests.unit.test_login" file="tests/unit/test_login.py" line="45" name="test_ssl_cert_path_set" time="0.002"></testcase><testcase classname="tests.unit.test_login" file="tests/unit/test_login.py" line="53" name="test_connection_repr" time="0.001"></testcase><testcase classname="tests.unit.test_login" file="tests/unit/test_login.py" line="61" name="test_token_decode_error" time="0.001"></testcase><testcase classname="tests.unit.test_login" file="tests/unit/test_login.py" line="67" name="test_missing_ident_error" time="0.001"></testcase><testcase classname="tests.unit.test_post_json" file="tests/unit/test_post_json.py" line="13" name="test_post_json_good_statuses[202]" time="0.005"></testcase><testcase classname="tests.unit.test_post_json" file="tests/unit/test_post_json.py" line="23" name="test_post_json_reraises" time="0.003"></testcase><testcase classname="tests.unit.test_post_json" file="tests/unit/test_post_json.py" line="31" name="test_404_raises_error" time="0.002"></testcase><testcase classname="tests.unit.test_post_json" file="tests/unit/test_post_json.py" line="41" name="test_access_denied_error[401]" time="0.003"></testcase><testcase classname="tests.unit.test_post_json" file="tests/unit/test_post_json.py" line="41" name="test_access_denied_error[403]" time="0.002"></testcase><testcase classname="tests.unit.test_post_json" file="tests/unit/test_post_json.py" line="53" name="test_access_denied_unknown_error[401]" time="0.003"></testcase><testcase classname="tests.unit.test_post_json" file="tests/unit/test_post_json.py" line="53" name="test_access_denied_unknown_error[403]" time="0.004"></testcase><testcase classname="tests.unit.test_post_json" file="tests/unit/test_post_json.py" line="63" name="test_generic_status_code_error" time="0.004"></testcase><testcase classname="tests.unit.test_post_json" file="tests/unit/test_post_json.py" line="77" name="test_generic_status_code_unknown_error" time="0.006"></testcase><testcase classname="tests.unit.test_post_json" file="tests/unit/test_post_json.py" line="91" name="test_generic_status_code_no_payload" time="0.006"></testcase><testcase classname="tests.unit.test_queries" file="tests/unit/test_queries.py" line="18" name="test_get_result_by_params" time="0.003"></testcase><testcase classname="tests.unit.test_queries" file="tests/unit/test_queries.py" line="37" name="test_get_result_by_id" time="0.012"></testcase><testcase classname="tests.unit.test_queries" file="tests/unit/test_queries.py" line="63" name="test_get_result_by_id_error[401]" time="0.003"></testcase><testcase classname="tests.unit.test_queries" file="tests/unit/test_queries.py" line="63" name="test_get_result_by_id_error[404]" time="0.003"></testcase><testcase classname="tests.unit.test_queries" file="tests/unit/test_queries.py" line="63" name="test_get_result_by_id_error[418]" time="0.004"></testcase><testcase classname="tests.unit.test_queries" file="tests/unit/test_queries.py" line="63" name="test_get_result_by_id_error[400]" time="0.003"></testcase><testcase classname="tests.unit.test_queries" file="tests/unit/test_queries.py" line="86" name="test_get_result_by_id_poll_loop" time="1.006"></testcase><testcase classname="tests.unit.test_query_ready" file="tests/unit/test_query_ready.py" line="12" name="test_query_ready_reports_false" time="0.004"></testcase><testcase classname="tests.unit.test_query_ready" file="tests/unit/test_query_ready.py" line="24" name="test_query_ready_reports_true" time="0.002"></testcase><testcase classname="tests.unit.test_query_ready" file="tests/unit/test_query_ready.py" line="32" name="test_query_ready_raises" time="0.001"></testcase></testsuite></testsuites>