<?xml version="1.0" encoding="utf-8"?><testsuite errors="0" failures="0" name="pytest" skipped="0" tests="10" time="77.170"><testcase classname="tests.test_queries" file="tests/test_queries.py" line="12" name="test_run_query[daily_location-params0]" time="5.058"></testcase><testcase classname="tests.test_queries" file="tests/test_queries.py" line="12" name="test_run_query[daily_location-params1]" time="1.427"></testcase><testcase classname="tests.test_queries" file="tests/test_queries.py" line="12" name="test_run_query[meaningful_locations_aggregate-params2]" time="8.865"></testcase><testcase classname="tests.test_queries" file="tests/test_queries.py" line="12" name="test_run_query[meaningful_locations_between_label_od_matrix-params3]" time="15.355"></testcase><testcase classname="tests.test_queries" file="tests/test_queries.py" line="12" name="test_run_query[meaningful_locations_between_dates_od_matrix-params4]" time="43.418"></testcase><testcase classname="tests.flowmachine_server_tests.test_action_run_query" file="tests/flowmachine_server_tests/test_action_run_query.py" line="28" name="test_run_query" time="0.635"></testcase><testcase classname="tests.flowmachine_server_tests.test_action_run_query" file="tests/flowmachine_server_tests/test_action_run_query.py" line="92" name="test_run_query_with_wrong_parameters[params0-month must be in 1..12]" time="0.058"></testcase><testcase classname="tests.flowmachine_server_tests.test_action_run_query" file="tests/flowmachine_server_tests/test_action_run_query.py" line="92" name="test_run_query_with_wrong_parameters[params1-Unrecognised method &apos;FOOBAR&apos;, must be one of: [&apos;last&apos;, &apos;most-common&apos;]]" time="0.053"></testcase><testcase classname="tests.flowmachine_server_tests.test_action_run_query" file="tests/flowmachine_server_tests/test_action_run_query.py" line="92" name="test_run_query_with_wrong_parameters[params2-Unrecognised level &apos;admin9999&apos;, must be one of: [&apos;admin0&apos;, &apos;admin1&apos;, &apos;admin2&apos;, &apos;admin3&apos;, &apos;admin4&apos;]]" time="0.049"></testcase><testcase classname="tests.flowmachine_server_tests.test_action_run_query" file="tests/flowmachine_server_tests/test_action_run_query.py" line="92" name="test_run_query_with_wrong_parameters[params3-Cannot construct daily_location subset from given input: None]" time="0.059"></testcase></testsuite>